Using pre-set license
Built from '2020.3/staging' branch; Version is '2020.3.0f1 (c7b5465681fb) revision 13088070'; Using compiler version '192528614'; Build Type 'Release'
OS: 'Windows 10 Home Single Language; OS build 19042.928; Version 2009; 64bit' Language: 'en' Physical Memory: 8034 MB
BatchMode: 1, IsHumanControllingUs: 0, StartBugReporterOnCrash: 0, Is64bit: 1, IsPro: 0

 COMMAND LINE ARGUMENTS:
D:\app\New folder\2020.3.0f1\Editor\Unity.exe
-adb2
-batchMode
-noUpm
-name
AssetImportWorker9
-projectPath
E:/clone/PeplayonMekanik/fallguy
-logFile
Logs/AssetImportWorker9.log
-srvPort
52143
Successfully changed project path to: E:/clone/PeplayonMekanik/fallguy
E:/clone/PeplayonMekanik/fallguy
Using Asset Import Pipeline V2.
Refreshing native plugins compatible for Editor in 132.43 ms, found 0 plugins.
Preloading 0 native plugins for Editor in 0.00 ms.
Initialize engine version: 2020.3.0f1 (c7b5465681fb)
[Subsystems] Discovering subsystems at path D:/app/New folder/2020.3.0f1/Editor/Data/Resources/UnitySubsystems
[Subsystems] Discovering subsystems at path E:/clone/PeplayonMekanik/fallguy/Assets
GfxDevice: creating device client; threaded=0
Direct3D:
    Version:  Direct3D 11.0 [level 11.1]
    Renderer: NVIDIA GeForce GTX 1050 (ID=0x1c92)
    Vendor:   
    VRAM:     4021 MB
    Driver:   26.21.14.4128
Initialize mono
Mono path[0] = 'D:/app/New folder/2020.3.0f1/Editor/Data/Managed'
Mono path[1] = 'D:/app/New folder/2020.3.0f1/Editor/Data/MonoBleedingEdge/lib/mono/unityjit'
Mono config path = 'D:/app/New folder/2020.3.0f1/Editor/Data/MonoBleedingEdge/etc'
Using monoOptions --debugger-agent=transport=dt_socket,embedding=1,server=y,suspend=n,address=127.0.0.1:56364
Begin MonoManager ReloadAssembly
Registering precompiled unity dll's ...
Register platform support module: D:/app/New folder/2020.3.0f1/Editor/Data/PlaybackEngines/WebGLSupport/UnityEditor.WebGL.Extensions.dll
Register platform support module: D:/app/New folder/2020.3.0f1/Editor/Data/PlaybackEngines/WindowsStandaloneSupport/UnityEditor.WindowsStandalone.Extensions.dll
Register platform support module: D:/app/New folder/2020.3.0f1/Editor/Data/PlaybackEngines/LinuxStandaloneSupport/UnityEditor.LinuxStandalone.Extensions.dll
Registered in 0.005722 seconds.
Native extension for LinuxStandalone target not found
Native extension for WindowsStandalone target not found
Native extension for WebGL target not found
Refreshing native plugins compatible for Editor in 127.02 ms, found 0 plugins.
Preloading 0 native plugins for Editor in 0.00 ms.
Invoked RoslynAnalysisRunner static constructor.
RoslynAnalysisRunner will not be running.
RoslynAnalysisRunner has terminated.
Mono: successfully reloaded assembly
- Completed reload, in  5.899 seconds
Platform modules already initialized, skipping
Registering precompiled user dll's ...
Registered in 0.010050 seconds.
Begin MonoManager ReloadAssembly
Native extension for LinuxStandalone target not found
Native extension for WindowsStandalone target not found
Native extension for WebGL target not found
Refreshing native plugins compatible for Editor in 0.94 ms, found 0 plugins.
Preloading 0 native plugins for Editor in 0.00 ms.
Invoked RoslynAnalysisRunner static constructor.
RoslynAnalysisRunner will not be running.
RoslynAnalysisRunner has terminated.
Find all reader and writers took 262 milliseconds
Script Module: UnityEngine.UI.dll
Weave behaviours and messages took233 milliseconds
Find all reader and writers took 171 milliseconds
Script Module: UnityEngine.TestRunner.dll
Weave behaviours and messages took87 milliseconds
Find all reader and writers took 208 milliseconds
Script Module: SimpleWebTransport.dll
Weave behaviours and messages took36 milliseconds
Find all reader and writers took 196 milliseconds
Script Module: Unity.Timeline.dll
Weave behaviours and messages took148 milliseconds
Find all reader and writers took 191 milliseconds
Script Module: Mirror.Examples.dll
[Projectile] NetworkBehaviourProcessor
[Tank] NetworkBehaviourProcessor
[NetworkRoomPlayer] NetworkBehaviourProcessor
[NetworkRoomPlayerExt] NetworkBehaviourProcessor
[PlayerController] NetworkBehaviourProcessor
[PlayerScore] NetworkBehaviourProcessor
[RandomColor] NetworkBehaviourProcessor
[Reward] NetworkBehaviourProcessor
[AddForce] NetworkBehaviourProcessor
[Ball] NetworkBehaviourProcessor
[Player] NetworkBehaviourProcessor
[MatchController] NetworkBehaviourProcessor
[PhysicsCollision] NetworkBehaviourProcessor
[PlayerController] NetworkBehaviourProcessor
[PlayerScore] NetworkBehaviourProcessor
[RandomColor] NetworkBehaviourProcessor
[Reward] NetworkBehaviourProcessor
[Player] NetworkBehaviourProcessor
[MonsterMovement] NetworkBehaviourProcessor
[PlayerMovement] NetworkBehaviourProcessor
[Player] NetworkBehaviourProcessor
[PlayerController] NetworkBehaviourProcessor
[RandomColor] NetworkBehaviourProcessor
[ShootingTankBehaviour] NetworkBehaviourProcessor
Weave behaviours and messages took243 milliseconds
  ProcessSitesModule Mirror.Examples.dll elapsed time:00:00:00.0305340
Find all reader and writers took 185 milliseconds
Script Module: Assembly-CSharp.dll
[CameraManager] NetworkBehaviourProcessor
[CharacterControls] NetworkBehaviourProcessor
[Checkpoint] NetworkBehaviourProcessor
[ClientInstance] NetworkBehaviourProcessor
[DeadZone] NetworkBehaviourProcessor
[DustTrigger] NetworkBehaviourProcessor
[ItemPickup] NetworkBehaviourProcessor
[UI] NetworkBehaviourProcessor
[win] NetworkBehaviourProcessor
Weave behaviours and messages took218 milliseconds
  ProcessSitesModule Assembly-CSharp.dll elapsed time:00:00:00.0101663
Find all reader and writers took 201 milliseconds
Script Module: Mirror.Components.dll
[NetworkAnimator] NetworkBehaviourProcessor
[NetworkRoomPlayer] NetworkBehaviourProcessor
[NetworkLobbyPlayer] NetworkBehaviourProcessor
[NetworkVisibility] NetworkBehaviourProcessor
[NetworkVisibility] Found NetworkBehaviour Mirror.NetworkVisibility
[NetworkVisibility] Process Start
[NetworkVisibility]   GenerateSerialization
[NetworkVisibility]   GenerateDeSerialization
[NetworkVisibility] Process Done
[NetworkMatchChecker] NetworkBehaviourProcessor
[NetworkVisibility] NetworkBehaviourProcessor
[NetworkOwnerChecker] NetworkBehaviourProcessor
[NetworkVisibility] NetworkBehaviourProcessor
[NetworkProximityChecker] NetworkBehaviourProcessor
[NetworkRoomPlayer] NetworkBehaviourProcessor
[NetworkVisibility] NetworkBehaviourProcessor
[NetworkSceneChecker] NetworkBehaviourProcessor
[NetworkTransformBase] NetworkBehaviourProcessor
[NetworkTransform] NetworkBehaviourProcessor
[NetworkTransformBase] NetworkBehaviourProcessor
[NetworkTransformBase] NetworkBehaviourProcessor
[NetworkTransformChild] NetworkBehaviourProcessor
[NetworkLerpRigidbody] NetworkBehaviourProcessor
[NetworkRigidbody] NetworkBehaviourProcessor
[NetworkRigidbody2D] NetworkBehaviourProcessor
[NetworkTransformBase] NetworkBehaviourProcessor
[NetworkTransform] NetworkBehaviourProcessor
[NetworkTransformBase] NetworkBehaviourProcessor
[NetworkTransformBase] NetworkBehaviourProcessor
[NetworkTransformChild] NetworkBehaviourProcessor
Weave behaviours and messages took242 milliseconds
  ProcessSitesModule Mirror.Components.dll elapsed time:00:00:00.0124093
Find all reader and writers took 209 milliseconds
Script Module: Mirror.Tests.Common.dll
Weave behaviours and messages took4 milliseconds
Find all reader and writers took 296 milliseconds
Script Module: Unity.TextMeshPro.dll
Weave behaviours and messages took351 milliseconds
Find all reader and writers took 149 milliseconds
Script Module: Mirror.Tests.Runtime.dll
Weave behaviours and messages took39 milliseconds
Find all reader and writers took 166 milliseconds
Script Module: Telepathy.dll
Weave behaviours and messages took8 milliseconds
Find all reader and writers took 166 milliseconds
Script Module: Mirror.Authenticators.dll
Weave behaviours and messages took108 milliseconds
  ProcessSitesModule Mirror.Authenticators.dll elapsed time:00:00:00.0069338
Find all reader and writers took 163 milliseconds
Script Module: kcp2k.dll
Weave behaviours and messages took11 milliseconds
Find all reader and writers took 224 milliseconds
Script Module: Mirror.Examples.Cloud.GUI.dll
Weave behaviours and messages took14 milliseconds
Find all reader and writers took 168 milliseconds
Script Module: Mirror.Cloud.dll
Weave behaviours and messages took12 milliseconds
Find all reader and writers took 159 milliseconds
Script Module: Mirror.Examples.Cloud.Pong.dll
[Ball] NetworkBehaviourProcessor
[BallManager] NetworkBehaviourProcessor
[Player] NetworkBehaviourProcessor
Weave behaviours and messages took69 milliseconds
  ProcessSitesModule Mirror.Examples.Cloud.Pong.dll elapsed time:00:00:00.0034040
Find all reader and writers took 169 milliseconds
Script Module: Mirror.Tests.Performance.Runtime.dll
Weave behaviours and messages took0 milliseconds
Find all reader and writers took 365 milliseconds
Script Module: UnityEditor.TestRunner.dll
Weave behaviours and messages took159 milliseconds
Find all reader and writers took 283 milliseconds
Script Module: UnityEditor.UI.dll
Weave behaviours and messages took74 milliseconds
Find all reader and writers took 283 milliseconds
Script Module: Mirror.Tests.dll
[EmptyBehaviour] NetworkBehaviourProcessor
[SyncVarGameObjectEqualExposedBehaviour] NetworkBehaviourProcessor
[SyncVarNetworkIdentityEqualExposedBehaviour] NetworkBehaviourProcessor
[NetworkBehaviourSendCommandInternalComponent] NetworkBehaviourProcessor
[NetworkBehaviourSendRPCInternalComponent] NetworkBehaviourProcessor
[NetworkBehaviourSendTargetRPCInternalComponent] NetworkBehaviourProcessor
[NetworkBehaviourDelegateComponent] NetworkBehaviourProcessor
[NetworkBehaviourSetSyncVarGameObjectComponent] NetworkBehaviourProcessor
[NetworkBehaviourGetSyncVarGameObjectComponent] NetworkBehaviourProcessor
[NetworkBehaviourSetSyncVarNetworkIdentityComponent] NetworkBehaviourProcessor
[NetworkBehaviourGetSyncVarNetworkIdentityComponent] NetworkBehaviourProcessor
[NetworkBehaviourInitSyncObjectExposed] NetworkBehaviourProcessor
[OnStopClientComponent] NetworkBehaviourProcessor
[OnStartClientComponent] NetworkBehaviourProcessor
[OnStartLocalPlayerComponent] NetworkBehaviourProcessor
[NetworkBehaviourHookGuardTester] NetworkBehaviourProcessor
[NetworkBehaviourInitSyncObjectTester] NetworkBehaviourProcessor
[CommandTestNetworkBehaviour] NetworkBehaviourProcessor
[RpcTestNetworkBehaviour] NetworkBehaviourProcessor
[OnStartClientTestNetworkBehaviour] NetworkBehaviourProcessor
[OnStopClientTestNetworkBehaviour] NetworkBehaviourProcessor
[TestObjectBehaviour] NetworkBehaviourProcessor
[TestPlayerBehaviour] NetworkBehaviourProcessor
[HookBehaviour] NetworkBehaviourProcessor
[GameObjectHookBehaviour] NetworkBehaviourProcessor
[NetworkIdentityHookBehaviour] NetworkBehaviourProcessor
[NetworkBehaviourHookBehaviour] NetworkBehaviourProcessor
[StaticHookBehaviour] NetworkBehaviourProcessor
[VirtualHookBase] NetworkBehaviourProcessor
[VirtualHookBase] NetworkBehaviourProcessor
[VirtualOverrideHook] NetworkBehaviourProcessor
[AbstractHookBase] NetworkBehaviourProcessor
[AbstractHookBase] NetworkBehaviourProcessor
[AbstractHook] NetworkBehaviourProcessor
[MockPlayer] NetworkBehaviourProcessor
[SyncVarGameObject] NetworkBehaviourProcessor
[SyncVarNetworkIdentity] NetworkBehaviourProcessor
[SyncVarTransform] NetworkBehaviourProcessor
[SyncVarNetworkBehaviour] NetworkBehaviourProcessor
[AbstractBehaviour] NetworkBehaviourProcessor
[BehaviourWithSyncVar] NetworkBehaviourProcessor
[AbstractBehaviour] NetworkBehaviourProcessor
[OverrideBehaviourFromSyncVar] NetworkBehaviourProcessor
[AbstractBehaviour] NetworkBehaviourProcessor
[OverrideBehaviourWithSyncVarFromSyncVar] NetworkBehaviourProcessor
[AbstractBehaviour] NetworkBehaviourProcessor
[MiddleClass] NetworkBehaviourProcessor
[AbstractBehaviour] NetworkBehaviourProcessor
[MiddleClass] NetworkBehaviourProcessor
[SubClass] NetworkBehaviourProcessor
[AbstractBehaviour] NetworkBehaviourProcessor
[MiddleClassWithSyncVar] NetworkBehaviourProcessor
[AbstractBehaviour] NetworkBehaviourProcessor
[MiddleClassWithSyncVar] NetworkBehaviourProcessor
[SubClassFromSyncVar] NetworkBehaviourProcessor
[BehaviourWithSyncVarWithOnSerialize] NetworkBehaviourProcessor
[AbstractBehaviour] NetworkBehaviourProcessor
[OverrideBehaviourFromSyncVarWithOnSerialize] NetworkBehaviourProcessor
[AbstractBehaviour] NetworkBehaviourProcessor
[OverrideBehaviourWithSyncVarFromSyncVarWithOnSerialize] NetworkBehaviourProcessor
[AttributeBehaviour_NetworkBehaviour] NetworkBehaviourProcessor
[DataSenderBehaviour] NetworkBehaviourProcessor
[PayloadTestBehaviour] NetworkBehaviourProcessor
[BehaviourWithEvents] NetworkBehaviourProcessor
[VirtualClientRpc] NetworkBehaviourProcessor
[VirtualClientRpc] NetworkBehaviourProcessor
[VirtualNoOverrideClientRpc] NetworkBehaviourProcessor
[VirtualClientRpc] NetworkBehaviourProcessor
[VirtualOverrideClientRpc] NetworkBehaviourProcessor
[VirtualClientRpc] NetworkBehaviourProcessor
[VirtualOverrideClientRpcWithBase] NetworkBehaviourProcessor
[ClientRpcBehaviour] NetworkBehaviourProcessor
[ExcludeOwnerBehaviour] NetworkBehaviourProcessor
[VirtualCommand] NetworkBehaviourProcessor
[VirtualCommand] NetworkBehaviourProcessor
[VirtualNoOverrideCommand] NetworkBehaviourProcessor
[VirtualCommand] NetworkBehaviourProcessor
[VirtualOverrideCommand] NetworkBehaviourProcessor
[VirtualCommand] NetworkBehaviourProcessor
[VirtualOverrideCommandWithBase] NetworkBehaviourProcessor
[VirtualCommand] NetworkBehaviourProcessor
[VirtualOverrideCommandWithBase] NetworkBehaviourProcessor
[VirtualOverrideCommandWithBase2] NetworkBehaviourProcessor
[AuthorityBehaviour] NetworkBehaviourProcessor
[IgnoreAuthorityBehaviour] NetworkBehaviourProcessor
[SenderConnectionBehaviour] NetworkBehaviourProcessor
[SenderConnectionIgnoreAuthorityBehaviour] NetworkBehaviourProcessor
[ThrowBehaviour] NetworkBehaviourProcessor
[RpcNetworkIdentityBehaviour] NetworkBehaviourProcessor
[VirtualTargetRpc] NetworkBehaviourProcessor
[VirtualTargetRpc] NetworkBehaviourProcessor
[VirtualNoOverrideTargetRpc] NetworkBehaviourProcessor
[VirtualTargetRpc] NetworkBehaviourProcessor
[VirtualOverrideTargetRpc] NetworkBehaviourProcessor
[VirtualTargetRpc] NetworkBehaviourProcessor
[VirtualOverrideTargetRpcWithBase] NetworkBehaviourProcessor
[TargetRpcBehaviour] NetworkBehaviourProcessor
Weave behaviours and messages took568 milliseconds
  ProcessSitesModule Mirror.Tests.dll elapsed time:00:00:00.0359213
Find all reader and writers took 299 milliseconds
Script Module: ParrelSync.dll
Weave behaviours and messages took21 milliseconds
Find all reader and writers took 312 milliseconds
Script Module: WeaverTestExtraAssembly.dll
Weave behaviours and messages took36 milliseconds
  ProcessSitesModule WeaverTestExtraAssembly.dll elapsed time:00:00:00.0009918
