Using pre-set license
Built from '2020.3/staging' branch; Version is '2020.3.0f1 (c7b5465681fb) revision 13088070'; Using compiler version '192528614'; Build Type 'Release'
OS: 'Windows 10 Home Single Language; OS build 19042.928; Version 2009; 64bit' Language: 'en' Physical Memory: 8034 MB
BatchMode: 1, IsHumanControllingUs: 0, StartBugReporterOnCrash: 0, Is64bit: 1, IsPro: 0

 COMMAND LINE ARGUMENTS:
D:\app\New folder\2020.3.0f1\Editor\Unity.exe
-adb2
-batchMode
-noUpm
-name
AssetImportWorker2
-projectPath
E:/clone/PeplayonMekanik/fallguy
-logFile
Logs/AssetImportWorker2.log
-srvPort
56961
Successfully changed project path to: E:/clone/PeplayonMekanik/fallguy
E:/clone/PeplayonMekanik/fallguy
Using Asset Import Pipeline V2.
Refreshing native plugins compatible for Editor in 162.84 ms, found 0 plugins.
Preloading 0 native plugins for Editor in 0.00 ms.
Initialize engine version: 2020.3.0f1 (c7b5465681fb)
[Subsystems] Discovering subsystems at path D:/app/New folder/2020.3.0f1/Editor/Data/Resources/UnitySubsystems
[Subsystems] Discovering subsystems at path E:/clone/PeplayonMekanik/fallguy/Assets
GfxDevice: creating device client; threaded=0
Direct3D:
    Version:  Direct3D 11.0 [level 11.1]
    Renderer: NVIDIA GeForce GTX 1050 (ID=0x1c92)
    Vendor:   
    VRAM:     4021 MB
    Driver:   26.21.14.4128
Initialize mono
Mono path[0] = 'D:/app/New folder/2020.3.0f1/Editor/Data/Managed'
Mono path[1] = 'D:/app/New folder/2020.3.0f1/Editor/Data/MonoBleedingEdge/lib/mono/unityjit'
Mono config path = 'D:/app/New folder/2020.3.0f1/Editor/Data/MonoBleedingEdge/etc'
Using monoOptions --debugger-agent=transport=dt_socket,embedding=1,server=y,suspend=n,address=127.0.0.1:56880
Begin MonoManager ReloadAssembly
Registering precompiled unity dll's ...
Register platform support module: D:/app/New folder/2020.3.0f1/Editor/Data/PlaybackEngines/WebGLSupport/UnityEditor.WebGL.Extensions.dll
Register platform support module: D:/app/New folder/2020.3.0f1/Editor/Data/PlaybackEngines/WindowsStandaloneSupport/UnityEditor.WindowsStandalone.Extensions.dll
Register platform support module: D:/app/New folder/2020.3.0f1/Editor/Data/PlaybackEngines/LinuxStandaloneSupport/UnityEditor.LinuxStandalone.Extensions.dll
Registered in 0.007467 seconds.
Native extension for LinuxStandalone target not found
Native extension for WindowsStandalone target not found
Native extension for WebGL target not found
Refreshing native plugins compatible for Editor in 158.50 ms, found 0 plugins.
Preloading 0 native plugins for Editor in 0.00 ms.
Invoked RoslynAnalysisRunner static constructor.
RoslynAnalysisRunner will not be running.
RoslynAnalysisRunner has terminated.
Mono: successfully reloaded assembly
- Completed reload, in  7.288 seconds
Platform modules already initialized, skipping
Registering precompiled user dll's ...
Registered in 0.010516 seconds.
Begin MonoManager ReloadAssembly
Native extension for LinuxStandalone target not found
Native extension for WindowsStandalone target not found
Native extension for WebGL target not found
Refreshing native plugins compatible for Editor in 1.49 ms, found 0 plugins.
Preloading 0 native plugins for Editor in 0.00 ms.
Invoked RoslynAnalysisRunner static constructor.
RoslynAnalysisRunner will not be running.
RoslynAnalysisRunner has terminated.
Find all reader and writers took 337 milliseconds
Script Module: UnityEngine.UI.dll
Weave behaviours and messages took321 milliseconds
Find all reader and writers took 233 milliseconds
Script Module: UnityEngine.TestRunner.dll
Weave behaviours and messages took105 milliseconds
Find all reader and writers took 228 milliseconds
Script Module: SimpleWebTransport.dll
Weave behaviours and messages took30 milliseconds
Find all reader and writers took 220 milliseconds
Script Module: Unity.Timeline.dll
Weave behaviours and messages took135 milliseconds
Find all reader and writers took 280 milliseconds
Script Module: Mirror.Examples.dll
[Projectile] NetworkBehaviourProcessor
[Tank] NetworkBehaviourProcessor
[NetworkRoomPlayer] NetworkBehaviourProcessor
[NetworkRoomPlayerExt] NetworkBehaviourProcessor
[PlayerController] NetworkBehaviourProcessor
[PlayerScore] NetworkBehaviourProcessor
[RandomColor] NetworkBehaviourProcessor
[Reward] NetworkBehaviourProcessor
[AddForce] NetworkBehaviourProcessor
[Ball] NetworkBehaviourProcessor
[Player] NetworkBehaviourProcessor
[MatchController] NetworkBehaviourProcessor
[PhysicsCollision] NetworkBehaviourProcessor
[PlayerController] NetworkBehaviourProcessor
[PlayerScore] NetworkBehaviourProcessor
[RandomColor] NetworkBehaviourProcessor
[Reward] NetworkBehaviourProcessor
[Player] NetworkBehaviourProcessor
[MonsterMovement] NetworkBehaviourProcessor
[PlayerMovement] NetworkBehaviourProcessor
[Player] NetworkBehaviourProcessor
[PlayerController] NetworkBehaviourProcessor
[RandomColor] NetworkBehaviourProcessor
[ShootingTankBehaviour] NetworkBehaviourProcessor
Weave behaviours and messages took383 milliseconds
  ProcessSitesModule Mirror.Examples.dll elapsed time:00:00:00.0463998
Find all reader and writers took 210 milliseconds
Script Module: Assembly-CSharp.dll
[CameraManager] NetworkBehaviourProcessor
[CharacterControls] NetworkBehaviourProcessor
[Checkpoint] NetworkBehaviourProcessor
[ClientInstance] NetworkBehaviourProcessor
[DeadZone] NetworkBehaviourProcessor
[DustTrigger] NetworkBehaviourProcessor
[ItemPickup] NetworkBehaviourProcessor
[UI] NetworkBehaviourProcessor
[win] NetworkBehaviourProcessor
Weave behaviours and messages took257 milliseconds
  ProcessSitesModule Assembly-CSharp.dll elapsed time:00:00:00.0126834
Find all reader and writers took 249 milliseconds
Script Module: Mirror.Components.dll
[NetworkAnimator] NetworkBehaviourProcessor
[NetworkRoomPlayer] NetworkBehaviourProcessor
[NetworkLobbyPlayer] NetworkBehaviourProcessor
[NetworkVisibility] NetworkBehaviourProcessor
[NetworkVisibility] Found NetworkBehaviour Mirror.NetworkVisibility
[NetworkVisibility] Process Start
[NetworkVisibility]   GenerateSerialization
[NetworkVisibility]   GenerateDeSerialization
[NetworkVisibility] Process Done
[NetworkMatchChecker] NetworkBehaviourProcessor
[NetworkVisibility] NetworkBehaviourProcessor
[NetworkOwnerChecker] NetworkBehaviourProcessor
[NetworkVisibility] NetworkBehaviourProcessor
[NetworkProximityChecker] NetworkBehaviourProcessor
[NetworkRoomPlayer] NetworkBehaviourProcessor
[NetworkVisibility] NetworkBehaviourProcessor
[NetworkSceneChecker] NetworkBehaviourProcessor
[NetworkTransformBase] NetworkBehaviourProcessor
[NetworkTransform] NetworkBehaviourProcessor
[NetworkTransformBase] NetworkBehaviourProcessor
[NetworkTransformBase] NetworkBehaviourProcessor
[NetworkTransformChild] NetworkBehaviourProcessor
[NetworkLerpRigidbody] NetworkBehaviourProcessor
[NetworkRigidbody] NetworkBehaviourProcessor
[NetworkRigidbody2D] NetworkBehaviourProcessor
[NetworkTransformBase] NetworkBehaviourProcessor
[NetworkTransform] NetworkBehaviourProcessor
[NetworkTransformBase] NetworkBehaviourProcessor
[NetworkTransformBase] NetworkBehaviourProcessor
[NetworkTransformChild] NetworkBehaviourProcessor
Weave behaviours and messages took308 milliseconds
  ProcessSitesModule Mirror.Components.dll elapsed time:00:00:00.0146455
Find all reader and writers took 233 milliseconds
Script Module: Mirror.Tests.Common.dll
Weave behaviours and messages took5 milliseconds
Find all reader and writers took 303 milliseconds
Script Module: Unity.TextMeshPro.dll
Weave behaviours and messages took341 milliseconds
Find all reader and writers took 202 milliseconds
Script Module: Mirror.Tests.Runtime.dll
Weave behaviours and messages took22 milliseconds
Find all reader and writers took 224 milliseconds
Script Module: Telepathy.dll
Weave behaviours and messages took13 milliseconds
Find all reader and writers took 264 milliseconds
Script Module: Mirror.Authenticators.dll
Weave behaviours and messages took178 milliseconds
  ProcessSitesModule Mirror.Authenticators.dll elapsed time:00:00:00.0107315
Find all reader and writers took 251 milliseconds
Script Module: kcp2k.dll
Weave behaviours and messages took17 milliseconds
Find all reader and writers took 225 milliseconds
Script Module: Mirror.Examples.Cloud.GUI.dll
Weave behaviours and messages took13 milliseconds
Find all reader and writers took 219 milliseconds
Script Module: Mirror.Cloud.dll
Weave behaviours and messages took12 milliseconds
Find all reader and writers took 232 milliseconds
Script Module: Mirror.Examples.Cloud.Pong.dll
[Ball] NetworkBehaviourProcessor
[BallManager] NetworkBehaviourProcessor
[Player] NetworkBehaviourProcessor
Weave behaviours and messages took119 milliseconds
  ProcessSitesModule Mirror.Examples.Cloud.Pong.dll elapsed time:00:00:00.0058555
Find all reader and writers took 201 milliseconds
Script Module: Mirror.Tests.Performance.Runtime.dll
Weave behaviours and messages took0 milliseconds
Find all reader and writers took 346 milliseconds
Script Module: UnityEditor.TestRunner.dll
