Using pre-set license
Built from '2020.3/staging' branch; Version is '2020.3.0f1 (c7b5465681fb) revision 13088070'; Using compiler version '192528614'; Build Type 'Release'
OS: 'Windows 10 Home Single Language; OS build 19042.928; Version 2009; 64bit' Language: 'en' Physical Memory: 8034 MB
BatchMode: 1, IsHumanControllingUs: 0, StartBugReporterOnCrash: 0, Is64bit: 1, IsPro: 0

 COMMAND LINE ARGUMENTS:
D:\app\New folder\2020.3.0f1\Editor\Unity.exe
-adb2
-batchMode
-noUpm
-name
AssetImportWorker10
-projectPath
E:/clone/PeplayonMekanik/fallguy
-logFile
Logs/AssetImportWorker10.log
-srvPort
57996
Successfully changed project path to: E:/clone/PeplayonMekanik/fallguy
E:/clone/PeplayonMekanik/fallguy
Using Asset Import Pipeline V2.
Refreshing native plugins compatible for Editor in 159.14 ms, found 0 plugins.
Preloading 0 native plugins for Editor in 0.00 ms.
Initialize engine version: 2020.3.0f1 (c7b5465681fb)
[Subsystems] Discovering subsystems at path D:/app/New folder/2020.3.0f1/Editor/Data/Resources/UnitySubsystems
[Subsystems] Discovering subsystems at path E:/clone/PeplayonMekanik/fallguy/Assets
GfxDevice: creating device client; threaded=0
Direct3D:
    Version:  Direct3D 11.0 [level 11.1]
    Renderer: NVIDIA GeForce GTX 1050 (ID=0x1c92)
    Vendor:   
    VRAM:     4021 MB
    Driver:   26.21.14.4128
Initialize mono
Mono path[0] = 'D:/app/New folder/2020.3.0f1/Editor/Data/Managed'
Mono path[1] = 'D:/app/New folder/2020.3.0f1/Editor/Data/MonoBleedingEdge/lib/mono/unityjit'
Mono config path = 'D:/app/New folder/2020.3.0f1/Editor/Data/MonoBleedingEdge/etc'
Using monoOptions --debugger-agent=transport=dt_socket,embedding=1,server=y,suspend=n,address=127.0.0.1:56336
Begin MonoManager ReloadAssembly
Registering precompiled unity dll's ...
Register platform support module: D:/app/New folder/2020.3.0f1/Editor/Data/PlaybackEngines/WebGLSupport/UnityEditor.WebGL.Extensions.dll
Register platform support module: D:/app/New folder/2020.3.0f1/Editor/Data/PlaybackEngines/WindowsStandaloneSupport/UnityEditor.WindowsStandalone.Extensions.dll
Register platform support module: D:/app/New folder/2020.3.0f1/Editor/Data/PlaybackEngines/LinuxStandaloneSupport/UnityEditor.LinuxStandalone.Extensions.dll
Registered in 0.005190 seconds.
Native extension for LinuxStandalone target not found
Native extension for WindowsStandalone target not found
Native extension for WebGL target not found
Refreshing native plugins compatible for Editor in 126.50 ms, found 0 plugins.
Preloading 0 native plugins for Editor in 0.00 ms.
Invoked RoslynAnalysisRunner static constructor.
RoslynAnalysisRunner will not be running.
RoslynAnalysisRunner has terminated.
Mono: successfully reloaded assembly
- Completed reload, in  6.654 seconds
Platform modules already initialized, skipping
Registering precompiled user dll's ...
Registered in 0.010439 seconds.
Begin MonoManager ReloadAssembly
Native extension for LinuxStandalone target not found
Native extension for WindowsStandalone target not found
Native extension for WebGL target not found
Refreshing native plugins compatible for Editor in 0.92 ms, found 0 plugins.
Preloading 0 native plugins for Editor in 0.00 ms.
Invoked RoslynAnalysisRunner static constructor.
RoslynAnalysisRunner will not be running.
RoslynAnalysisRunner has terminated.
Find all reader and writers took 228 milliseconds
Script Module: UnityEngine.UI.dll
Weave behaviours and messages took226 milliseconds
Find all reader and writers took 162 milliseconds
Script Module: UnityEngine.TestRunner.dll
Weave behaviours and messages took72 milliseconds
Find all reader and writers took 142 milliseconds
Script Module: SimpleWebTransport.dll
Weave behaviours and messages took29 milliseconds
Find all reader and writers took 145 milliseconds
Script Module: Unity.Timeline.dll
Weave behaviours and messages took95 milliseconds
Find all reader and writers took 175 milliseconds
Script Module: Mirror.Examples.dll
[Projectile] NetworkBehaviourProcessor
[Tank] NetworkBehaviourProcessor
[NetworkRoomPlayer] NetworkBehaviourProcessor
[NetworkRoomPlayerExt] NetworkBehaviourProcessor
[PlayerController] NetworkBehaviourProcessor
[PlayerScore] NetworkBehaviourProcessor
[RandomColor] NetworkBehaviourProcessor
[Reward] NetworkBehaviourProcessor
[AddForce] NetworkBehaviourProcessor
[Ball] NetworkBehaviourProcessor
[Player] NetworkBehaviourProcessor
[MatchController] NetworkBehaviourProcessor
[PhysicsCollision] NetworkBehaviourProcessor
[PlayerController] NetworkBehaviourProcessor
[PlayerScore] NetworkBehaviourProcessor
[RandomColor] NetworkBehaviourProcessor
[Reward] NetworkBehaviourProcessor
[Player] NetworkBehaviourProcessor
[MonsterMovement] NetworkBehaviourProcessor
[PlayerMovement] NetworkBehaviourProcessor
[Player] NetworkBehaviourProcessor
[PlayerController] NetworkBehaviourProcessor
[RandomColor] NetworkBehaviourProcessor
[ShootingTankBehaviour] NetworkBehaviourProcessor
Weave behaviours and messages took95 milliseconds
  ProcessSitesModule Mirror.Examples.dll elapsed time:00:00:00.0208625
Find all reader and writers took 188 milliseconds
Script Module: Assembly-CSharp.dll
[CameraManager] NetworkBehaviourProcessor
[CharacterControls] NetworkBehaviourProcessor
[Checkpoint] NetworkBehaviourProcessor
[ClientInstance] NetworkBehaviourProcessor
[DeadZone] NetworkBehaviourProcessor
[DustTrigger] NetworkBehaviourProcessor
[ItemPickup] NetworkBehaviourProcessor
[UI] NetworkBehaviourProcessor
[win] NetworkBehaviourProcessor
Weave behaviours and messages took184 milliseconds
  ProcessSitesModule Assembly-CSharp.dll elapsed time:00:00:00.0099314
Find all reader and writers took 217 milliseconds
Script Module: Mirror.Components.dll
[NetworkAnimator] NetworkBehaviourProcessor
[NetworkRoomPlayer] NetworkBehaviourProcessor
[NetworkLobbyPlayer] NetworkBehaviourProcessor
[NetworkVisibility] NetworkBehaviourProcessor
[NetworkVisibility] Found NetworkBehaviour Mirror.NetworkVisibility
[NetworkVisibility] Process Start
[NetworkVisibility]   GenerateSerialization
[NetworkVisibility]   GenerateDeSerialization
[NetworkVisibility] Process Done
[NetworkMatchChecker] NetworkBehaviourProcessor
[NetworkVisibility] NetworkBehaviourProcessor
[NetworkOwnerChecker] NetworkBehaviourProcessor
[NetworkVisibility] NetworkBehaviourProcessor
[NetworkProximityChecker] NetworkBehaviourProcessor
[NetworkRoomPlayer] NetworkBehaviourProcessor
[NetworkVisibility] NetworkBehaviourProcessor
[NetworkSceneChecker] NetworkBehaviourProcessor
[NetworkTransformBase] NetworkBehaviourProcessor
[NetworkTransform] NetworkBehaviourProcessor
[NetworkTransformBase] NetworkBehaviourProcessor
[NetworkTransformBase] NetworkBehaviourProcessor
[NetworkTransformChild] NetworkBehaviourProcessor
[NetworkLerpRigidbody] NetworkBehaviourProcessor
[NetworkRigidbody] NetworkBehaviourProcessor
[NetworkRigidbody2D] NetworkBehaviourProcessor
[NetworkTransformBase] NetworkBehaviourProcessor
[NetworkTransform] NetworkBehaviourProcessor
[NetworkTransformBase] NetworkBehaviourProcessor
[NetworkTransformBase] NetworkBehaviourProcessor
[NetworkTransformChild] NetworkBehaviourProcessor
Weave behaviours and messages took95 milliseconds
  ProcessSitesModule Mirror.Components.dll elapsed time:00:00:00.0049860
Find all reader and writers took 156 milliseconds
Script Module: Mirror.Tests.Common.dll
Weave behaviours and messages took4 milliseconds
Find all reader and writers took 198 milliseconds
Script Module: Unity.TextMeshPro.dll
Weave behaviours and messages took244 milliseconds
Find all reader and writers took 131 milliseconds
Script Module: Mirror.Tests.Runtime.dll
Weave behaviours and messages took17 milliseconds
Find all reader and writers took 165 milliseconds
Script Module: Telepathy.dll
Weave behaviours and messages took9 milliseconds
Find all reader and writers took 162 milliseconds
Script Module: Mirror.Authenticators.dll
Weave behaviours and messages took46 milliseconds
  ProcessSitesModule Mirror.Authenticators.dll elapsed time:00:00:00.0021237
Find all reader and writers took 139 milliseconds
Script Module: kcp2k.dll
Weave behaviours and messages took19 milliseconds
Find all reader and writers took 158 milliseconds
Script Module: Mirror.Examples.Cloud.GUI.dll
Weave behaviours and messages took14 milliseconds
Find all reader and writers took 151 milliseconds
Script Module: Mirror.Cloud.dll
Weave behaviours and messages took11 milliseconds
Find all reader and writers took 157 milliseconds
Script Module: Mirror.Examples.Cloud.Pong.dll
[Ball] NetworkBehaviourProcessor
[BallManager] NetworkBehaviourProcessor
[Player] NetworkBehaviourProcessor
Weave behaviours and messages took29 milliseconds
  ProcessSitesModule Mirror.Examples.Cloud.Pong.dll elapsed time:00:00:00.0009965
Find all reader and writers took 209 milliseconds
Script Module: Mirror.Tests.Performance.Runtime.dll
Weave behaviours and messages took0 milliseconds
Find all reader and writers took 296 milliseconds
Script Module: UnityEditor.TestRunner.dll
Weave behaviours and messages took150 milliseconds
Find all reader and writers took 230 milliseconds
Script Module: UnityEditor.UI.dll
Weave behaviours and messages took44 milliseconds
Find all reader and writers took 271 milliseconds
Script Module: Mirror.Tests.dll
[EmptyBehaviour] NetworkBehaviourProcessor
[SyncVarGameObjectEqualExposedBehaviour] NetworkBehaviourProcessor
[SyncVarNetworkIdentityEqualExposedBehaviour] NetworkBehaviourProcessor
[NetworkBehaviourSendCommandInternalComponent] NetworkBehaviourProcessor
[NetworkBehaviourSendRPCInternalComponent] NetworkBehaviourProcessor
[NetworkBehaviourSendTargetRPCInternalComponent] NetworkBehaviourProcessor
[NetworkBehaviourDelegateComponent] NetworkBehaviourProcessor
[NetworkBehaviourSetSyncVarGameObjectComponent] NetworkBehaviourProcessor
[NetworkBehaviourGetSyncVarGameObjectComponent] NetworkBehaviourProcessor
[NetworkBehaviourSetSyncVarNetworkIdentityComponent] NetworkBehaviourProcessor
[NetworkBehaviourGetSyncVarNetworkIdentityComponent] NetworkBehaviourProcessor
[NetworkBehaviourInitSyncObjectExposed] NetworkBehaviourProcessor
[OnStopClientComponent] NetworkBehaviourProcessor
[OnStartClientComponent] NetworkBehaviourProcessor
[OnStartLocalPlayerComponent] NetworkBehaviourProcessor
[NetworkBehaviourHookGuardTester] NetworkBehaviourProcessor
[NetworkBehaviourInitSyncObjectTester] NetworkBehaviourProcessor
[CommandTestNetworkBehaviour] NetworkBehaviourProcessor
[RpcTestNetworkBehaviour] NetworkBehaviourProcessor
[OnStartClientTestNetworkBehaviour] NetworkBehaviourProcessor
[OnStopClientTestNetworkBehaviour] NetworkBehaviourProcessor
[TestObjectBehaviour] NetworkBehaviourProcessor
[TestPlayerBehaviour] NetworkBehaviourProcessor
[HookBehaviour] NetworkBehaviourProcessor
[GameObjectHookBehaviour] NetworkBehaviourProcessor
[NetworkIdentityHookBehaviour] NetworkBehaviourProcessor
[NetworkBehaviourHookBehaviour] NetworkBehaviourProcessor
[StaticHookBehaviour] NetworkBehaviourProcessor
[VirtualHookBase] NetworkBehaviourProcessor
[VirtualHookBase] NetworkBehaviourProcessor
[VirtualOverrideHook] NetworkBehaviourProcessor
[AbstractHookBase] NetworkBehaviourProcessor
[AbstractHookBase] NetworkBehaviourProcessor
[AbstractHook] NetworkBehaviourProcessor
[MockPlayer] NetworkBehaviourProcessor
[SyncVarGameObject] NetworkBehaviourProcessor
[SyncVarNetworkIdentity] NetworkBehaviourProcessor
[SyncVarTransform] NetworkBehaviourProcessor
[SyncVarNetworkBehaviour] NetworkBehaviourProcessor
[AbstractBehaviour] NetworkBehaviourProcessor
[BehaviourWithSyncVar] NetworkBehaviourProcessor
[AbstractBehaviour] NetworkBehaviourProcessor
[OverrideBehaviourFromSyncVar] NetworkBehaviourProcessor
[AbstractBehaviour] NetworkBehaviourProcessor
[OverrideBehaviourWithSyncVarFromSyncVar] NetworkBehaviourProcessor
[AbstractBehaviour] NetworkBehaviourProcessor
[MiddleClass] NetworkBehaviourProcessor
[AbstractBehaviour] NetworkBehaviourProcessor
[MiddleClass] NetworkBehaviourProcessor
[SubClass] NetworkBehaviourProcessor
[AbstractBehaviour] NetworkBehaviourProcessor
[MiddleClassWithSyncVar] NetworkBehaviourProcessor
[AbstractBehaviour] NetworkBehaviourProcessor
[MiddleClassWithSyncVar] NetworkBehaviourProcessor
[SubClassFromSyncVar] NetworkBehaviourProcessor
[BehaviourWithSyncVarWithOnSerialize] NetworkBehaviourProcessor
[AbstractBehaviour] NetworkBehaviourProcessor
[OverrideBehaviourFromSyncVarWithOnSerialize] NetworkBehaviourProcessor
[AbstractBehaviour] NetworkBehaviourProcessor
[OverrideBehaviourWithSyncVarFromSyncVarWithOnSerialize] NetworkBehaviourProcessor
[AttributeBehaviour_NetworkBehaviour] NetworkBehaviourProcessor
[DataSenderBehaviour] NetworkBehaviourProcessor
[PayloadTestBehaviour] NetworkBehaviourProcessor
[BehaviourWithEvents] NetworkBehaviourProcessor
[VirtualClientRpc] NetworkBehaviourProcessor
[VirtualClientRpc] NetworkBehaviourProcessor
[VirtualNoOverrideClientRpc] NetworkBehaviourProcessor
[VirtualClientRpc] NetworkBehaviourProcessor
[VirtualOverrideClientRpc] NetworkBehaviourProcessor
[VirtualClientRpc] NetworkBehaviourProcessor
[VirtualOverrideClientRpcWithBase] NetworkBehaviourProcessor
[ClientRpcBehaviour] NetworkBehaviourProcessor
[ExcludeOwnerBehaviour] NetworkBehaviourProcessor
[VirtualCommand] NetworkBehaviourProcessor
[VirtualCommand] NetworkBehaviourProcessor
[VirtualNoOverrideCommand] NetworkBehaviourProcessor
[VirtualCommand] NetworkBehaviourProcessor
[VirtualOverrideCommand] NetworkBehaviourProcessor
[VirtualCommand] NetworkBehaviourProcessor
[VirtualOverrideCommandWithBase] NetworkBehaviourProcessor
[VirtualCommand] NetworkBehaviourProcessor
[VirtualOverrideCommandWithBase] NetworkBehaviourProcessor
[VirtualOverrideCommandWithBase2] NetworkBehaviourProcessor
[AuthorityBehaviour] NetworkBehaviourProcessor
[IgnoreAuthorityBehaviour] NetworkBehaviourProcessor
[SenderConnectionBehaviour] NetworkBehaviourProcessor
[SenderConnectionIgnoreAuthorityBehaviour] NetworkBehaviourProcessor
[ThrowBehaviour] NetworkBehaviourProcessor
[RpcNetworkIdentityBehaviour] NetworkBehaviourProcessor
[VirtualTargetRpc] NetworkBehaviourProcessor
[VirtualTargetRpc] NetworkBehaviourProcessor
[VirtualNoOverrideTargetRpc] NetworkBehaviourProcessor
[VirtualTargetRpc] NetworkBehaviourProcessor
[VirtualOverrideTargetRpc] NetworkBehaviourProcessor
[VirtualTargetRpc] NetworkBehaviourProcessor
[VirtualOverrideTargetRpcWithBase] NetworkBehaviourProcessor
[TargetRpcBehaviour] NetworkBehaviourProcessor
Weave behaviours and messages took439 milliseconds
  ProcessSitesModule Mirror.Tests.dll elapsed time:00:00:00.0130180
Find all reader and writers took 273 milliseconds
Script Module: ParrelSync.dll
Weave behaviours and messages took8 milliseconds
Find all reader and writers took 297 milliseconds
Script Module: WeaverTestExtraAssembly.dll
Weave behaviours and messages took11 milliseconds
  ProcessSitesModule WeaverTestExtraAssembly.dll elapsed time:00:00:00.0005783
Find all reader and writers took 243 milliseconds
Script Module: Unity.Toolchain.Win-x86_64-Linux-x86_64.dll
Weave behaviours and messages took2 milliseconds
Find all reader and writers took 199 milliseconds
Script Module: Mirror.CompilerSymbols.dll
Weave behaviours and messages took1 milliseconds
Find all reader and writers took 217 milliseconds
Script Module: Unity.Sysroot.Linux_x86_64.dll
Weave behaviours and messages took2 milliseconds
Mono: successfully reloaded assembly
- Completed reload, in 18.655 seconds
Platform modules already initialized, skipping
========================================================================
Worker process is ready to serve import requests
Launched and connected shader compiler UnityShaderCompiler.exe after 0.32 seconds
Refreshing native plugins compatible for Editor in 1.12 ms, found 0 plugins.
Preloading 0 native plugins for Editor in 0.00 ms.
Unloading 1597 Unused Serialized files (Serialized files now loaded: 0)
System memory in use before: 75.7 MB.
System memory in use after: 75.8 MB.

Unloading 18 unused Assets to reduce memory usage. Loaded Objects now: 2037.
Total: 11.883000 ms (FindLiveObjects: 0.626100 ms CreateObjectMapping: 0.192600 ms MarkObjects: 10.680300 ms  DeleteObjects: 0.379600 ms)

========================================================================
Received Import Request.
  path: Assets/Prefab/Karakter 3 kirim wahyu.prefab
  artifactKey: Guid(2dfb07a856129784f9429db4c4676c8c) Importer(815301076,1909f56bfc062723c751e8b465ee728b)
Start importing Assets/Prefab/Karakter 3 kirim wahyu.prefab using Guid(2dfb07a856129784f9429db4c4676c8c) Importer(815301076,1909f56bfc062723c751e8b465ee728b)  -> (artifact id: 'b1e8e06a190d37a336f908be14d099cc') in 0.704565 seconds
  Import took 1.028332 seconds .

========================================================================
Received Import Request.
  Time since last request: 0.001232 seconds.
  path: Assets/Prefab/Player1 1.prefab
  artifactKey: Guid(2adebd23bd3884548823ac5f4bd7140f) Importer(815301076,1909f56bfc062723c751e8b465ee728b)
Start importing Assets/Prefab/Player1 1.prefab using Guid(2adebd23bd3884548823ac5f4bd7140f) Importer(815301076,1909f56bfc062723c751e8b465ee728b)  -> (artifact id: '64147d9935f60173878f43132bb94d6a') in 0.096421 seconds
  Import took 1.079873 seconds .

========================================================================
Received Import Request.
  Time since last request: 0.016009 seconds.
  path: Assets/Prefab/Player1 1.prefab
  artifactKey: Guid(2adebd23bd3884548823ac5f4bd7140f) Importer(815301076,1909f56bfc062723c751e8b465ee728b)
Start importing Assets/Prefab/Player1 1.prefab using Guid(2adebd23bd3884548823ac5f4bd7140f) Importer(815301076,1909f56bfc062723c751e8b465ee728b)  -> (artifact id: '64147d9935f60173878f43132bb94d6a') in 0.058164 seconds
  Import took 0.227175 seconds .

========================================================================
Received Prepare
Registering precompiled user dll's ...
Registered in 0.011105 seconds.
Begin MonoManager ReloadAssembly
Native extension for LinuxStandalone target not found
Native extension for WindowsStandalone target not found
Native extension for WebGL target not found
Refreshing native plugins compatible for Editor in 1.01 ms, found 0 plugins.
Preloading 0 native plugins for Editor in 0.00 ms.
Invoked RoslynAnalysisRunner static constructor.
RoslynAnalysisRunner will not be running.
RoslynAnalysisRunner has terminated.
Mono: successfully reloaded assembly
- Completed reload, in  3.817 seconds
Platform modules already initialized, skipping
Refreshing native plugins compatible for Editor in 1.51 ms, found 0 plugins.
Preloading 0 native plugins for Editor in 0.00 ms.
Unloading 1578 Unused Serialized files (Serialized files now loaded: 0)
System memory in use before: 91.8 MB.
System memory in use after: 91.9 MB.

Unloading 13 unused Assets to reduce memory usage. Loaded Objects now: 2048.
Total: 8.061700 ms (FindLiveObjects: 0.454900 ms CreateObjectMapping: 0.189600 ms MarkObjects: 7.190600 ms  DeleteObjects: 0.222100 ms)

========================================================================
Received Prepare
Registering precompiled user dll's ...
Registered in 0.010405 seconds.
Begin MonoManager ReloadAssembly
Native extension for LinuxStandalone target not found
Native extension for WindowsStandalone target not found
Native extension for WebGL target not found
Refreshing native plugins compatible for Editor in 0.99 ms, found 0 plugins.
Preloading 0 native plugins for Editor in 0.00 ms.
Invoked RoslynAnalysisRunner static constructor.
RoslynAnalysisRunner will not be running.
RoslynAnalysisRunner has terminated.
Mono: successfully reloaded assembly
- Completed reload, in  3.826 seconds
Platform modules already initialized, skipping
Refreshing native plugins compatible for Editor in 1.52 ms, found 0 plugins.
Preloading 0 native plugins for Editor in 0.00 ms.
Unloading 1578 Unused Serialized files (Serialized files now loaded: 0)
System memory in use before: 91.8 MB.
System memory in use after: 91.9 MB.

Unloading 13 unused Assets to reduce memory usage. Loaded Objects now: 2051.
Total: 8.532500 ms (FindLiveObjects: 0.828300 ms CreateObjectMapping: 0.426100 ms MarkObjects: 7.046800 ms  DeleteObjects: 0.225400 ms)

========================================================================
Received Prepare
Registering precompiled user dll's ...
Registered in 0.016162 seconds.
Begin MonoManager ReloadAssembly
Native extension for LinuxStandalone target not found
Native extension for WindowsStandalone target not found
Native extension for WebGL target not found
Refreshing native plugins compatible for Editor in 1.48 ms, found 0 plugins.
Preloading 0 native plugins for Editor in 0.00 ms.
Invoked RoslynAnalysisRunner static constructor.
RoslynAnalysisRunner will not be running.
RoslynAnalysisRunner has terminated.
Mono: successfully reloaded assembly
- Completed reload, in  4.768 seconds
Platform modules already initialized, skipping
Refreshing native plugins compatible for Editor in 1.63 ms, found 0 plugins.
Preloading 0 native plugins for Editor in 0.00 ms.
Unloading 1578 Unused Serialized files (Serialized files now loaded: 0)
System memory in use before: 91.8 MB.
System memory in use after: 91.9 MB.

Unloading 13 unused Assets to reduce memory usage. Loaded Objects now: 2054.
Total: 8.352300 ms (FindLiveObjects: 0.676400 ms CreateObjectMapping: 0.288800 ms MarkObjects: 7.058500 ms  DeleteObjects: 0.323300 ms)

========================================================================
Received Import Request.
  Time since last request: 1116.737958 seconds.
  path: Assets/ObstacleCoursePack/Scripts/Rotator.cs
  artifactKey: Guid(2a4a9cafee43ebf41a59e59bbfa21f2b) Importer(815301076,1909f56bfc062723c751e8b465ee728b)
Start importing Assets/ObstacleCoursePack/Scripts/Rotator.cs using Guid(2a4a9cafee43ebf41a59e59bbfa21f2b) Importer(815301076,1909f56bfc062723c751e8b465ee728b)  -> (artifact id: 'd09e77dbb075096f65260d150a823640') in 0.066434 seconds
  Import took 0.079079 seconds .

========================================================================
Received Import Request.
  Time since last request: 0.075130 seconds.
  path: Assets/ObstacleCoursePack/Scripts/Rotator.cs
  artifactKey: Guid(2a4a9cafee43ebf41a59e59bbfa21f2b) Importer(815301076,1909f56bfc062723c751e8b465ee728b)
Start importing Assets/ObstacleCoursePack/Scripts/Rotator.cs using Guid(2a4a9cafee43ebf41a59e59bbfa21f2b) Importer(815301076,1909f56bfc062723c751e8b465ee728b)  -> (artifact id: 'd09e77dbb075096f65260d150a823640') in 0.008224 seconds
  Import took 0.018475 seconds .

========================================================================
Received Import Request.
  Time since last request: 8.636993 seconds.
  path: Assets/ObstacleCoursePack/Scripts/MovableObs.cs
  artifactKey: Guid(8c78eaffd4b5a704daa689d5bc3e3e09) Importer(815301076,1909f56bfc062723c751e8b465ee728b)
Start importing Assets/ObstacleCoursePack/Scripts/MovableObs.cs using Guid(8c78eaffd4b5a704daa689d5bc3e3e09) Importer(815301076,1909f56bfc062723c751e8b465ee728b)  -> (artifact id: '8e6d677f571e495396054a7284ce363a') in 0.050923 seconds
  Import took 0.066399 seconds .

========================================================================
Received Import Request.
  Time since last request: 0.004580 seconds.
  path: Assets/ObstacleCoursePack/Scripts/MovableObs.cs
  artifactKey: Guid(8c78eaffd4b5a704daa689d5bc3e3e09) Importer(815301076,1909f56bfc062723c751e8b465ee728b)
Start importing Assets/ObstacleCoursePack/Scripts/MovableObs.cs using Guid(8c78eaffd4b5a704daa689d5bc3e3e09) Importer(815301076,1909f56bfc062723c751e8b465ee728b)  -> (artifact id: '8e6d677f571e495396054a7284ce363a') in 0.008061 seconds
  Import took 0.023668 seconds .

========================================================================
Received Import Request.
  Time since last request: 0.657293 seconds.
  path: Assets/ObstacleCoursePack/Scripts/FallPlat.cs
  artifactKey: Guid(5d0ee86a322726f42853351f23363550) Importer(815301076,1909f56bfc062723c751e8b465ee728b)
Start importing Assets/ObstacleCoursePack/Scripts/FallPlat.cs using Guid(5d0ee86a322726f42853351f23363550) Importer(815301076,1909f56bfc062723c751e8b465ee728b)  -> (artifact id: 'cae1f74936ce092e8d9f233d5145bc4f') in 0.028791 seconds
  Import took 0.040822 seconds .

========================================================================
Received Import Request.
  Time since last request: 0.008124 seconds.
  path: Assets/ObstacleCoursePack/Scripts/FallPlat.cs
  artifactKey: Guid(5d0ee86a322726f42853351f23363550) Importer(815301076,1909f56bfc062723c751e8b465ee728b)
Start importing Assets/ObstacleCoursePack/Scripts/FallPlat.cs using Guid(5d0ee86a322726f42853351f23363550) Importer(815301076,1909f56bfc062723c751e8b465ee728b)  -> (artifact id: 'cae1f74936ce092e8d9f233d5145bc4f') in 0.007914 seconds
  Import took 0.018765 seconds .

========================================================================
Received Import Request.
  Time since last request: 6.649841 seconds.
  path: Assets/ObstacleCoursePack/Controller/Player.prefab
  artifactKey: Guid(943c29498ab959842b6d7bee1f42370e) Importer(815301076,1909f56bfc062723c751e8b465ee728b)
Start importing Assets/ObstacleCoursePack/Controller/Player.prefab using Guid(943c29498ab959842b6d7bee1f42370e) Importer(815301076,1909f56bfc062723c751e8b465ee728b)  -> (artifact id: '50a1ea0b47d1a949260bf5e3537852c7') in 0.378235 seconds
  Import took 0.392489 seconds .

========================================================================
Received Import Request.
  Time since last request: 635.124193 seconds.
  path: Assets/GameManagerMainMenu.cs
  artifactKey: Guid(a8a844a47208d484e8b4795dbd609f89) Importer(815301076,1909f56bfc062723c751e8b465ee728b)
Start importing Assets/GameManagerMainMenu.cs using Guid(a8a844a47208d484e8b4795dbd609f89) Importer(815301076,1909f56bfc062723c751e8b465ee728b)  -> (artifact id: 'f81b6fb6a8e9ffa992022bb469805fa6') in 0.040777 seconds
  Import took 0.126035 seconds .

========================================================================
Received Import Request.
  Time since last request: 2.472681 seconds.
  path: Assets/MenuGroup.cs
  artifactKey: Guid(726892891d6a3944095ca83e4da05b4f) Importer(815301076,1909f56bfc062723c751e8b465ee728b)
Start importing Assets/MenuGroup.cs using Guid(726892891d6a3944095ca83e4da05b4f) Importer(815301076,1909f56bfc062723c751e8b465ee728b)  -> (artifact id: '5ba570588d0b85400e521e204f81decd') in 0.027728 seconds
  Import took 0.123398 seconds .

========================================================================
Received Import Request.
  Time since last request: 1.549036 seconds.
  path: Assets/ScreenSize.cs
  artifactKey: Guid(28def5295de3c8540a38b5c17d64b8c4) Importer(815301076,1909f56bfc062723c751e8b465ee728b)
Start importing Assets/ScreenSize.cs using Guid(28def5295de3c8540a38b5c17d64b8c4) Importer(815301076,1909f56bfc062723c751e8b465ee728b)  -> (artifact id: '1a2a2a69e69357cf7a2dee5ff2106f5e') in 0.352767 seconds
  Import took 0.409436 seconds .

========================================================================
Received Import Request.
  Time since last request: 0.196426 seconds.
  path: Assets/selected.cs
  artifactKey: Guid(c33182a8d2488814597d34d4cec7a0f0) Importer(815301076,1909f56bfc062723c751e8b465ee728b)
Start importing Assets/selected.cs using Guid(c33182a8d2488814597d34d4cec7a0f0) Importer(815301076,1909f56bfc062723c751e8b465ee728b)  -> (artifact id: '478f8239a5cacdac9bdf5a6a5c98c6c5') in 0.033746 seconds
  Import took 0.056672 seconds .

========================================================================
Received Import Request.
  Time since last request: 0.616005 seconds.
  path: Assets/tes.cs
  artifactKey: Guid(89f15162f04a3ce478ebb6846821d2db) Importer(815301076,1909f56bfc062723c751e8b465ee728b)
Start importing Assets/tes.cs using Guid(89f15162f04a3ce478ebb6846821d2db) Importer(815301076,1909f56bfc062723c751e8b465ee728b)  -> (artifact id: 'bf5a4ab6e6968af04d9376f8bd4c92ab') in 0.033181 seconds
  Import took 0.049153 seconds .

========================================================================
Received Import Request.
  Time since last request: 0.005669 seconds.
  path: Assets/tes.cs
  artifactKey: Guid(89f15162f04a3ce478ebb6846821d2db) Importer(815301076,1909f56bfc062723c751e8b465ee728b)
Start importing Assets/tes.cs using Guid(89f15162f04a3ce478ebb6846821d2db) Importer(815301076,1909f56bfc062723c751e8b465ee728b)  -> (artifact id: 'bf5a4ab6e6968af04d9376f8bd4c92ab') in 0.008563 seconds
  Import took 0.023407 seconds .

========================================================================
Received Import Request.
  Time since last request: 21.340379 seconds.
  path: Assets/Main Menu
  artifactKey: Guid(e5de4bd96938f784bb1f0c024af2a5e9) Importer(815301076,1909f56bfc062723c751e8b465ee728b)
Start importing Assets/Main Menu using Guid(e5de4bd96938f784bb1f0c024af2a5e9) Importer(815301076,1909f56bfc062723c751e8b465ee728b)  -> (artifact id: 'f270eba525106a712c3e7896abccbfd8') in 0.046037 seconds
  Import took 0.059877 seconds .

========================================================================
Received Import Request.
  Time since last request: 0.018190 seconds.
  path: Assets/Main Menu
  artifactKey: Guid(e5de4bd96938f784bb1f0c024af2a5e9) Importer(815301076,1909f56bfc062723c751e8b465ee728b)
Start importing Assets/Main Menu using Guid(e5de4bd96938f784bb1f0c024af2a5e9) Importer(815301076,1909f56bfc062723c751e8b465ee728b)  -> (artifact id: 'f270eba525106a712c3e7896abccbfd8') in 0.008713 seconds
  Import took 0.023778 seconds .

========================================================================
Received Prepare
Registering precompiled user dll's ...
Registered in 0.013722 seconds.
Begin MonoManager ReloadAssembly
Native extension for LinuxStandalone target not found
Native extension for WindowsStandalone target not found
Native extension for WebGL target not found
Refreshing native plugins compatible for Editor in 1.10 ms, found 0 plugins.
Preloading 0 native plugins for Editor in 0.00 ms.
Invoked RoslynAnalysisRunner static constructor.
RoslynAnalysisRunner will not be running.
RoslynAnalysisRunner has terminated.
Mono: successfully reloaded assembly
- Completed reload, in  5.606 seconds
Platform modules already initialized, skipping
Refreshing native plugins compatible for Editor in 0.99 ms, found 0 plugins.
Preloading 0 native plugins for Editor in 0.00 ms.
Unloading 1578 Unused Serialized files (Serialized files now loaded: 0)
System memory in use before: 91.9 MB.
System memory in use after: 92.0 MB.

Unloading 13 unused Assets to reduce memory usage. Loaded Objects now: 2060.
Total: 7.576800 ms (FindLiveObjects: 0.576200 ms CreateObjectMapping: 0.226000 ms MarkObjects: 6.418400 ms  DeleteObjects: 0.349800 ms)

========================================================================
Received Import Request.
  Time since last request: 58.713437 seconds.
  path: Assets/Scene/Map2.unity
  artifactKey: Guid(c15e0d5570923f84d9ed253c9d6293e5) Importer(815301076,1909f56bfc062723c751e8b465ee728b)
Start importing Assets/Scene/Map2.unity using Guid(c15e0d5570923f84d9ed253c9d6293e5) Importer(815301076,1909f56bfc062723c751e8b465ee728b)  -> (artifact id: '2fed4869b28059e7aa080b839fee0984') in 0.074402 seconds
  Import took 0.110592 seconds .

========================================================================
Received Import Request.
  Time since last request: 32.686273 seconds.
  path: Assets/obj/Player.prefab
  artifactKey: Guid(7cb4323fa4b9f7347b54bfaa604f0609) Importer(815301076,1909f56bfc062723c751e8b465ee728b)
Start importing Assets/obj/Player.prefab using Guid(7cb4323fa4b9f7347b54bfaa604f0609) Importer(815301076,1909f56bfc062723c751e8b465ee728b)  -> (artifact id: '2bee2a3c3ad452d0771f2cca62a52243') in 0.493417 seconds
  Import took 0.507116 seconds .

========================================================================
Received Import Request.
  Time since last request: 10.479335 seconds.
  path: Assets/obj/Upload Color Pesona Dayak.fbx
  artifactKey: Guid(106ce4f0f06adda48b90ce3f6e9dc8df) Importer(815301076,1909f56bfc062723c751e8b465ee728b)
Start importing Assets/obj/Upload Color Pesona Dayak.fbx using Guid(106ce4f0f06adda48b90ce3f6e9dc8df) Importer(815301076,1909f56bfc062723c751e8b465ee728b)  -> (artifact id: 'feef07e611308895a18d0ff7a88a98c7') in 3.219799 seconds
  Import took 3.234187 seconds .

AssetImportWorkerClient::OnTransportError - code=2 error=End of file
