Using pre-set license
Built from '2020.3/staging' branch; Version is '2020.3.0f1 (c7b5465681fb) revision 13088070'; Using compiler version '192528614'; Build Type 'Release'
OS: 'Windows 10 Home Single Language; OS build 19042.928; Version 2009; 64bit' Language: 'en' Physical Memory: 8034 MB
BatchMode: 1, IsHumanControllingUs: 0, StartBugReporterOnCrash: 0, Is64bit: 1, IsPro: 0

 COMMAND LINE ARGUMENTS:
D:\app\New folder\2020.3.0f1\Editor\Unity.exe
-adb2
-batchMode
-noUpm
-name
AssetImportWorker33
-projectPath
E:/clone/PeplayonMekanik/fallguy
-logFile
Logs/AssetImportWorker33.log
-srvPort
54392
Successfully changed project path to: E:/clone/PeplayonMekanik/fallguy
E:/clone/PeplayonMekanik/fallguy
Using Asset Import Pipeline V2.
Refreshing native plugins compatible for Editor in 142.11 ms, found 0 plugins.
Preloading 0 native plugins for Editor in 0.00 ms.
Initialize engine version: 2020.3.0f1 (c7b5465681fb)
[Subsystems] Discovering subsystems at path D:/app/New folder/2020.3.0f1/Editor/Data/Resources/UnitySubsystems
[Subsystems] Discovering subsystems at path E:/clone/PeplayonMekanik/fallguy/Assets
GfxDevice: creating device client; threaded=0
Direct3D:
    Version:  Direct3D 11.0 [level 11.1]
    Renderer: NVIDIA GeForce GTX 1050 (ID=0x1c92)
    Vendor:   
    VRAM:     4021 MB
    Driver:   26.21.14.4128
Initialize mono
Mono path[0] = 'D:/app/New folder/2020.3.0f1/Editor/Data/Managed'
Mono path[1] = 'D:/app/New folder/2020.3.0f1/Editor/Data/MonoBleedingEdge/lib/mono/unityjit'
Mono config path = 'D:/app/New folder/2020.3.0f1/Editor/Data/MonoBleedingEdge/etc'
Using monoOptions --debugger-agent=transport=dt_socket,embedding=1,server=y,suspend=n,address=127.0.0.1:56524
Begin MonoManager ReloadAssembly
Registering precompiled unity dll's ...
Register platform support module: D:/app/New folder/2020.3.0f1/Editor/Data/PlaybackEngines/WebGLSupport/UnityEditor.WebGL.Extensions.dll
Register platform support module: D:/app/New folder/2020.3.0f1/Editor/Data/PlaybackEngines/WindowsStandaloneSupport/UnityEditor.WindowsStandalone.Extensions.dll
Register platform support module: D:/app/New folder/2020.3.0f1/Editor/Data/PlaybackEngines/LinuxStandaloneSupport/UnityEditor.LinuxStandalone.Extensions.dll
Registered in 0.001389 seconds.
Native extension for LinuxStandalone target not found
Native extension for WindowsStandalone target not found
Native extension for WebGL target not found
Refreshing native plugins compatible for Editor in 32.50 ms, found 0 plugins.
Preloading 0 native plugins for Editor in 0.00 ms.
Invoked RoslynAnalysisRunner static constructor.
RoslynAnalysisRunner will not be running.
RoslynAnalysisRunner has terminated.
Mono: successfully reloaded assembly
- Completed reload, in  1.473 seconds
Platform modules already initialized, skipping
Registering precompiled user dll's ...
Registered in 0.002471 seconds.
Begin MonoManager ReloadAssembly
Native extension for LinuxStandalone target not found
Native extension for WindowsStandalone target not found
Native extension for WebGL target not found
Refreshing native plugins compatible for Editor in 0.43 ms, found 0 plugins.
Preloading 0 native plugins for Editor in 0.00 ms.
Invoked RoslynAnalysisRunner static constructor.
RoslynAnalysisRunner will not be running.
RoslynAnalysisRunner has terminated.
Find all reader and writers took 80 milliseconds
Script Module: UnityEngine.UI.dll
Weave behaviours and messages took80 milliseconds
Find all reader and writers took 57 milliseconds
Script Module: UnityEngine.TestRunner.dll
Weave behaviours and messages took19 milliseconds
Find all reader and writers took 52 milliseconds
Script Module: SimpleWebTransport.dll
Weave behaviours and messages took9 milliseconds
Find all reader and writers took 52 milliseconds
Script Module: Unity.Timeline.dll
Weave behaviours and messages took27 milliseconds
Find all reader and writers took 77 milliseconds
Script Module: Mirror.Examples.dll
[Projectile] NetworkBehaviourProcessor
[Tank] NetworkBehaviourProcessor
[NetworkRoomPlayer] NetworkBehaviourProcessor
[NetworkRoomPlayerExt] NetworkBehaviourProcessor
[PlayerController] NetworkBehaviourProcessor
[PlayerScore] NetworkBehaviourProcessor
[RandomColor] NetworkBehaviourProcessor
[Reward] NetworkBehaviourProcessor
[AddForce] NetworkBehaviourProcessor
[Ball] NetworkBehaviourProcessor
[Player] NetworkBehaviourProcessor
[MatchController] NetworkBehaviourProcessor
[PhysicsCollision] NetworkBehaviourProcessor
[PlayerController] NetworkBehaviourProcessor
[PlayerScore] NetworkBehaviourProcessor
[RandomColor] NetworkBehaviourProcessor
[Reward] NetworkBehaviourProcessor
[Player] NetworkBehaviourProcessor
[MonsterMovement] NetworkBehaviourProcessor
[PlayerMovement] NetworkBehaviourProcessor
[Player] NetworkBehaviourProcessor
[PlayerController] NetworkBehaviourProcessor
[RandomColor] NetworkBehaviourProcessor
[ShootingTankBehaviour] NetworkBehaviourProcessor
Weave behaviours and messages took301 milliseconds
  ProcessSitesModule Mirror.Examples.dll elapsed time:00:00:00.0210315
Find all reader and writers took 53 milliseconds
Script Module: Assembly-CSharp.dll
[CameraManager] NetworkBehaviourProcessor
[CharacterControls] NetworkBehaviourProcessor
[Checkpoint] NetworkBehaviourProcessor
[ClientInstance] NetworkBehaviourProcessor
[DeadZone] NetworkBehaviourProcessor
[DustTrigger] NetworkBehaviourProcessor
[ItemPickup] NetworkBehaviourProcessor
[UI] NetworkBehaviourProcessor
[win] NetworkBehaviourProcessor
Weave behaviours and messages took75 milliseconds
  ProcessSitesModule Assembly-CSharp.dll elapsed time:00:00:00.0048793
Find all reader and writers took 76 milliseconds
Script Module: Mirror.Components.dll
[NetworkAnimator] NetworkBehaviourProcessor
[NetworkRoomPlayer] NetworkBehaviourProcessor
[NetworkLobbyPlayer] NetworkBehaviourProcessor
[NetworkVisibility] NetworkBehaviourProcessor
[NetworkVisibility] Found NetworkBehaviour Mirror.NetworkVisibility
[NetworkVisibility] Process Start
[NetworkVisibility]   GenerateSerialization
[NetworkVisibility]   GenerateDeSerialization
[NetworkVisibility] Process Done
[NetworkMatchChecker] NetworkBehaviourProcessor
[NetworkVisibility] NetworkBehaviourProcessor
[NetworkOwnerChecker] NetworkBehaviourProcessor
[NetworkVisibility] NetworkBehaviourProcessor
[NetworkProximityChecker] NetworkBehaviourProcessor
[NetworkRoomPlayer] NetworkBehaviourProcessor
[NetworkVisibility] NetworkBehaviourProcessor
[NetworkSceneChecker] NetworkBehaviourProcessor
[NetworkTransformBase] NetworkBehaviourProcessor
[NetworkTransform] NetworkBehaviourProcessor
[NetworkTransformBase] NetworkBehaviourProcessor
[NetworkTransformBase] NetworkBehaviourProcessor
[NetworkTransformChild] NetworkBehaviourProcessor
[NetworkLerpRigidbody] NetworkBehaviourProcessor
[NetworkRigidbody] NetworkBehaviourProcessor
[NetworkRigidbody2D] NetworkBehaviourProcessor
[NetworkTransformBase] NetworkBehaviourProcessor
[NetworkTransform] NetworkBehaviourProcessor
[NetworkTransformBase] NetworkBehaviourProcessor
[NetworkTransformBase] NetworkBehaviourProcessor
[NetworkTransformChild] NetworkBehaviourProcessor
Weave behaviours and messages took170 milliseconds
  ProcessSitesModule Mirror.Components.dll elapsed time:00:00:00.0108063
Find all reader and writers took 41 milliseconds
Script Module: Mirror.Tests.Common.dll
Weave behaviours and messages took1 milliseconds
Find all reader and writers took 228 milliseconds
Script Module: Unity.TextMeshPro.dll
Weave behaviours and messages took74 milliseconds
Find all reader and writers took 43 milliseconds
Script Module: Mirror.Tests.Runtime.dll
Weave behaviours and messages took9 milliseconds
Find all reader and writers took 45 milliseconds
Script Module: Telepathy.dll
Weave behaviours and messages took4 milliseconds
Find all reader and writers took 63 milliseconds
Script Module: Mirror.Authenticators.dll
Weave behaviours and messages took134 milliseconds
  ProcessSitesModule Mirror.Authenticators.dll elapsed time:00:00:00.0078431
Find all reader and writers took 41 milliseconds
Script Module: kcp2k.dll
Weave behaviours and messages took3 milliseconds
Find all reader and writers took 48 milliseconds
Script Module: Mirror.Examples.Cloud.GUI.dll
Weave behaviours and messages took4 milliseconds
Find all reader and writers took 58 milliseconds
Script Module: Mirror.Cloud.dll
Weave behaviours and messages took4 milliseconds
Find all reader and writers took 66 milliseconds
Script Module: Mirror.Examples.Cloud.Pong.dll
[Ball] NetworkBehaviourProcessor
[BallManager] NetworkBehaviourProcessor
[Player] NetworkBehaviourProcessor
Weave behaviours and messages took97 milliseconds
  ProcessSitesModule Mirror.Examples.Cloud.Pong.dll elapsed time:00:00:00.0052603
Find all reader and writers took 41 milliseconds
Script Module: Mirror.Tests.Performance.Runtime.dll
Weave behaviours and messages took0 milliseconds
Find all reader and writers took 89 milliseconds
Script Module: UnityEditor.TestRunner.dll
Weave behaviours and messages took37 milliseconds
Find all reader and writers took 69 milliseconds
Script Module: UnityEditor.UI.dll
Weave behaviours and messages took14 milliseconds
Find all reader and writers took 93 milliseconds
Script Module: Mirror.Tests.dll
[EmptyBehaviour] NetworkBehaviourProcessor
[SyncVarGameObjectEqualExposedBehaviour] NetworkBehaviourProcessor
[SyncVarNetworkIdentityEqualExposedBehaviour] NetworkBehaviourProcessor
[NetworkBehaviourSendCommandInternalComponent] NetworkBehaviourProcessor
[NetworkBehaviourSendRPCInternalComponent] NetworkBehaviourProcessor
[NetworkBehaviourSendTargetRPCInternalComponent] NetworkBehaviourProcessor
[NetworkBehaviourDelegateComponent] NetworkBehaviourProcessor
[NetworkBehaviourSetSyncVarGameObjectComponent] NetworkBehaviourProcessor
[NetworkBehaviourGetSyncVarGameObjectComponent] NetworkBehaviourProcessor
[NetworkBehaviourSetSyncVarNetworkIdentityComponent] NetworkBehaviourProcessor
[NetworkBehaviourGetSyncVarNetworkIdentityComponent] NetworkBehaviourProcessor
[NetworkBehaviourInitSyncObjectExposed] NetworkBehaviourProcessor
[OnStopClientComponent] NetworkBehaviourProcessor
[OnStartClientComponent] NetworkBehaviourProcessor
[OnStartLocalPlayerComponent] NetworkBehaviourProcessor
[NetworkBehaviourHookGuardTester] NetworkBehaviourProcessor
[NetworkBehaviourInitSyncObjectTester] NetworkBehaviourProcessor
[CommandTestNetworkBehaviour] NetworkBehaviourProcessor
[RpcTestNetworkBehaviour] NetworkBehaviourProcessor
[OnStartClientTestNetworkBehaviour] NetworkBehaviourProcessor
[OnStopClientTestNetworkBehaviour] NetworkBehaviourProcessor
[TestObjectBehaviour] NetworkBehaviourProcessor
[TestPlayerBehaviour] NetworkBehaviourProcessor
[HookBehaviour] NetworkBehaviourProcessor
[GameObjectHookBehaviour] NetworkBehaviourProcessor
[NetworkIdentityHookBehaviour] NetworkBehaviourProcessor
[NetworkBehaviourHookBehaviour] NetworkBehaviourProcessor
[StaticHookBehaviour] NetworkBehaviourProcessor
[VirtualHookBase] NetworkBehaviourProcessor
[VirtualHookBase] NetworkBehaviourProcessor
[VirtualOverrideHook] NetworkBehaviourProcessor
[AbstractHookBase] NetworkBehaviourProcessor
[AbstractHookBase] NetworkBehaviourProcessor
[AbstractHook] NetworkBehaviourProcessor
[MockPlayer] NetworkBehaviourProcessor
[SyncVarGameObject] NetworkBehaviourProcessor
[SyncVarNetworkIdentity] NetworkBehaviourProcessor
[SyncVarTransform] NetworkBehaviourProcessor
[SyncVarNetworkBehaviour] NetworkBehaviourProcessor
[AbstractBehaviour] NetworkBehaviourProcessor
[BehaviourWithSyncVar] NetworkBehaviourProcessor
[AbstractBehaviour] NetworkBehaviourProcessor
[OverrideBehaviourFromSyncVar] NetworkBehaviourProcessor
[AbstractBehaviour] NetworkBehaviourProcessor
[OverrideBehaviourWithSyncVarFromSyncVar] NetworkBehaviourProcessor
[AbstractBehaviour] NetworkBehaviourProcessor
[MiddleClass] NetworkBehaviourProcessor
[AbstractBehaviour] NetworkBehaviourProcessor
[MiddleClass] NetworkBehaviourProcessor
[SubClass] NetworkBehaviourProcessor
[AbstractBehaviour] NetworkBehaviourProcessor
[MiddleClassWithSyncVar] NetworkBehaviourProcessor
[AbstractBehaviour] NetworkBehaviourProcessor
[MiddleClassWithSyncVar] NetworkBehaviourProcessor
[SubClassFromSyncVar] NetworkBehaviourProcessor
[BehaviourWithSyncVarWithOnSerialize] NetworkBehaviourProcessor
[AbstractBehaviour] NetworkBehaviourProcessor
[OverrideBehaviourFromSyncVarWithOnSerialize] NetworkBehaviourProcessor
[AbstractBehaviour] NetworkBehaviourProcessor
[OverrideBehaviourWithSyncVarFromSyncVarWithOnSerialize] NetworkBehaviourProcessor
[AttributeBehaviour_NetworkBehaviour] NetworkBehaviourProcessor
[DataSenderBehaviour] NetworkBehaviourProcessor
[PayloadTestBehaviour] NetworkBehaviourProcessor
[BehaviourWithEvents] NetworkBehaviourProcessor
[VirtualClientRpc] NetworkBehaviourProcessor
[VirtualClientRpc] NetworkBehaviourProcessor
[VirtualNoOverrideClientRpc] NetworkBehaviourProcessor
[VirtualClientRpc] NetworkBehaviourProcessor
[VirtualOverrideClientRpc] NetworkBehaviourProcessor
[VirtualClientRpc] NetworkBehaviourProcessor
[VirtualOverrideClientRpcWithBase] NetworkBehaviourProcessor
[ClientRpcBehaviour] NetworkBehaviourProcessor
[ExcludeOwnerBehaviour] NetworkBehaviourProcessor
[VirtualCommand] NetworkBehaviourProcessor
[VirtualCommand] NetworkBehaviourProcessor
[VirtualNoOverrideCommand] NetworkBehaviourProcessor
[VirtualCommand] NetworkBehaviourProcessor
[VirtualOverrideCommand] NetworkBehaviourProcessor
[VirtualCommand] NetworkBehaviourProcessor
[VirtualOverrideCommandWithBase] NetworkBehaviourProcessor
[VirtualCommand] NetworkBehaviourProcessor
[VirtualOverrideCommandWithBase] NetworkBehaviourProcessor
[VirtualOverrideCommandWithBase2] NetworkBehaviourProcessor
[AuthorityBehaviour] NetworkBehaviourProcessor
[IgnoreAuthorityBehaviour] NetworkBehaviourProcessor
[SenderConnectionBehaviour] NetworkBehaviourProcessor
[SenderConnectionIgnoreAuthorityBehaviour] NetworkBehaviourProcessor
[ThrowBehaviour] NetworkBehaviourProcessor
[RpcNetworkIdentityBehaviour] NetworkBehaviourProcessor
[VirtualTargetRpc] NetworkBehaviourProcessor
[VirtualTargetRpc] NetworkBehaviourProcessor
[VirtualNoOverrideTargetRpc] NetworkBehaviourProcessor
[VirtualTargetRpc] NetworkBehaviourProcessor
[VirtualOverrideTargetRpc] NetworkBehaviourProcessor
[VirtualTargetRpc] NetworkBehaviourProcessor
[VirtualOverrideTargetRpcWithBase] NetworkBehaviourProcessor
[TargetRpcBehaviour] NetworkBehaviourProcessor
Weave behaviours and messages took387 milliseconds
  ProcessSitesModule Mirror.Tests.dll elapsed time:00:00:00.0195578
Find all reader and writers took 59 milliseconds
Script Module: ParrelSync.dll
Weave behaviours and messages took2 milliseconds
Find all reader and writers took 50 milliseconds
Script Module: WeaverTestExtraAssembly.dll
Weave behaviours and messages took54 milliseconds
  ProcessSitesModule WeaverTestExtraAssembly.dll elapsed time:00:00:00.0029286
Find all reader and writers took 58 milliseconds
Script Module: Unity.Toolchain.Win-x86_64-Linux-x86_64.dll
Weave behaviours and messages took0 milliseconds
Find all reader and writers took 53 milliseconds
Script Module: Mirror.CompilerSymbols.dll
Weave behaviours and messages took0 milliseconds
Find all reader and writers took 54 milliseconds
Script Module: Unity.Sysroot.Linux_x86_64.dll
Weave behaviours and messages took0 milliseconds
Mono: successfully reloaded assembly
- Completed reload, in  8.498 seconds
Platform modules already initialized, skipping
========================================================================
Worker process is ready to serve import requests
Launched and connected shader compiler UnityShaderCompiler.exe after 0.25 seconds
Refreshing native plugins compatible for Editor in 0.37 ms, found 0 plugins.
Preloading 0 native plugins for Editor in 0.00 ms.
Unloading 1597 Unused Serialized files (Serialized files now loaded: 0)
System memory in use before: 76.0 MB.
System memory in use after: 76.1 MB.

Unloading 18 unused Assets to reduce memory usage. Loaded Objects now: 2037.
Total: 5.180600 ms (FindLiveObjects: 0.296300 ms CreateObjectMapping: 0.164000 ms MarkObjects: 4.607000 ms  DeleteObjects: 0.111600 ms)

========================================================================
Received Import Request.
  path: Assets/Scrpit/win.cs
  artifactKey: Guid(cafcb4613dcda7646bbb1acf97f67285) Importer(815301076,1909f56bfc062723c751e8b465ee728b)
Start importing Assets/Scrpit/win.cs using Guid(cafcb4613dcda7646bbb1acf97f67285) Importer(815301076,1909f56bfc062723c751e8b465ee728b)  -> (artifact id: '351edf526da9aa81f06d97df5e8c61a1') in 0.063881 seconds
  Import took 0.387759 seconds .

========================================================================
Received Import Request.
  Time since last request: 677.896193 seconds.
  path: Assets/Scrpit/NetworkManagerPong.cs
  artifactKey: Guid(0aa3018bb284840d6a6d0acee29ab098) Importer(815301076,1909f56bfc062723c751e8b465ee728b)
Start importing Assets/Scrpit/NetworkManagerPong.cs using Guid(0aa3018bb284840d6a6d0acee29ab098) Importer(815301076,1909f56bfc062723c751e8b465ee728b)  -> (artifact id: 'a6e256263e2b301709bf8396412ab2f7') in 0.007956 seconds
  Import took 0.489053 seconds .

========================================================================
Received Prepare
Registering precompiled user dll's ...
Registered in 0.002854 seconds.
Begin MonoManager ReloadAssembly
Native extension for LinuxStandalone target not found
Native extension for WindowsStandalone target not found
Native extension for WebGL target not found
Refreshing native plugins compatible for Editor in 0.45 ms, found 0 plugins.
Preloading 0 native plugins for Editor in 0.00 ms.
Invoked RoslynAnalysisRunner static constructor.
RoslynAnalysisRunner will not be running.
RoslynAnalysisRunner has terminated.
Mono: successfully reloaded assembly
- Completed reload, in  1.303 seconds
Platform modules already initialized, skipping
Refreshing native plugins compatible for Editor in 0.95 ms, found 0 plugins.
Preloading 0 native plugins for Editor in 0.00 ms.
Unloading 1578 Unused Serialized files (Serialized files now loaded: 0)
System memory in use before: 74.9 MB.
System memory in use after: 75.0 MB.

Unloading 13 unused Assets to reduce memory usage. Loaded Objects now: 2040.
Total: 4.109800 ms (FindLiveObjects: 0.333200 ms CreateObjectMapping: 0.112700 ms MarkObjects: 3.506400 ms  DeleteObjects: 0.154700 ms)

========================================================================
Received Prepare
Registering precompiled user dll's ...
Registered in 0.004345 seconds.
Begin MonoManager ReloadAssembly
Native extension for LinuxStandalone target not found
Native extension for WindowsStandalone target not found
Native extension for WebGL target not found
Refreshing native plugins compatible for Editor in 0.47 ms, found 0 plugins.
Preloading 0 native plugins for Editor in 0.00 ms.
Invoked RoslynAnalysisRunner static constructor.
RoslynAnalysisRunner will not be running.
RoslynAnalysisRunner has terminated.
Mono: successfully reloaded assembly
- Completed reload, in  1.710 seconds
Platform modules already initialized, skipping
Refreshing native plugins compatible for Editor in 0.69 ms, found 0 plugins.
Preloading 0 native plugins for Editor in 0.00 ms.
Unloading 1578 Unused Serialized files (Serialized files now loaded: 0)
System memory in use before: 74.9 MB.
System memory in use after: 75.0 MB.

Unloading 13 unused Assets to reduce memory usage. Loaded Objects now: 2043.
Total: 3.007600 ms (FindLiveObjects: 0.261500 ms CreateObjectMapping: 0.113400 ms MarkObjects: 2.519100 ms  DeleteObjects: 0.110900 ms)

========================================================================
Received Import Request.
  Time since last request: 66.663063 seconds.
  path: Assets/Scrpit/NetworkManagerPong.cs
  artifactKey: Guid(0aa3018bb284840d6a6d0acee29ab098) Importer(815301076,1909f56bfc062723c751e8b465ee728b)
Start importing Assets/Scrpit/NetworkManagerPong.cs using Guid(0aa3018bb284840d6a6d0acee29ab098) Importer(815301076,1909f56bfc062723c751e8b465ee728b)  -> (artifact id: '70a1b88dc1bb0156c65dd747c969eb09') in 0.006169 seconds
  Import took 0.184475 seconds .

========================================================================
Received Prepare
Registering precompiled user dll's ...
Registered in 0.011768 seconds.
Begin MonoManager ReloadAssembly
Native extension for LinuxStandalone target not found
Native extension for WindowsStandalone target not found
Native extension for WebGL target not found
Refreshing native plugins compatible for Editor in 1.57 ms, found 0 plugins.
Preloading 0 native plugins for Editor in 0.00 ms.
Invoked RoslynAnalysisRunner static constructor.
RoslynAnalysisRunner will not be running.
RoslynAnalysisRunner has terminated.
Mono: successfully reloaded assembly
- Completed reload, in  2.950 seconds
Platform modules already initialized, skipping
Refreshing native plugins compatible for Editor in 1.06 ms, found 0 plugins.
Preloading 0 native plugins for Editor in 0.00 ms.
Unloading 1578 Unused Serialized files (Serialized files now loaded: 0)
System memory in use before: 74.9 MB.
System memory in use after: 75.0 MB.

Unloading 13 unused Assets to reduce memory usage. Loaded Objects now: 2046.
Total: 4.750200 ms (FindLiveObjects: 0.487300 ms CreateObjectMapping: 0.234000 ms MarkObjects: 3.810900 ms  DeleteObjects: 0.213600 ms)

========================================================================
Received Prepare
Registering precompiled user dll's ...
Registered in 0.007061 seconds.
Begin MonoManager ReloadAssembly
Native extension for LinuxStandalone target not found
Native extension for WindowsStandalone target not found
Native extension for WebGL target not found
Refreshing native plugins compatible for Editor in 1.42 ms, found 0 plugins.
Preloading 0 native plugins for Editor in 0.00 ms.
Invoked RoslynAnalysisRunner static constructor.
RoslynAnalysisRunner will not be running.
RoslynAnalysisRunner has terminated.
Mono: successfully reloaded assembly
- Completed reload, in  2.898 seconds
Platform modules already initialized, skipping
Refreshing native plugins compatible for Editor in 0.76 ms, found 0 plugins.
Preloading 0 native plugins for Editor in 0.00 ms.
Unloading 1578 Unused Serialized files (Serialized files now loaded: 0)
System memory in use before: 74.9 MB.
System memory in use after: 75.0 MB.

Unloading 13 unused Assets to reduce memory usage. Loaded Objects now: 2049.
Total: 4.570600 ms (FindLiveObjects: 0.485600 ms CreateObjectMapping: 0.152400 ms MarkObjects: 3.766200 ms  DeleteObjects: 0.162700 ms)

========================================================================
Received Prepare
Registering precompiled user dll's ...
Registered in 0.009389 seconds.
Begin MonoManager ReloadAssembly
Native extension for LinuxStandalone target not found
Native extension for WindowsStandalone target not found
Native extension for WebGL target not found
Refreshing native plugins compatible for Editor in 0.81 ms, found 0 plugins.
Preloading 0 native plugins for Editor in 0.00 ms.
Invoked RoslynAnalysisRunner static constructor.
RoslynAnalysisRunner will not be running.
RoslynAnalysisRunner has terminated.
Mono: successfully reloaded assembly
- Completed reload, in  3.762 seconds
Platform modules already initialized, skipping
Refreshing native plugins compatible for Editor in 2.02 ms, found 0 plugins.
Preloading 0 native plugins for Editor in 0.00 ms.
Unloading 1578 Unused Serialized files (Serialized files now loaded: 0)
System memory in use before: 74.9 MB.
System memory in use after: 75.0 MB.

Unloading 13 unused Assets to reduce memory usage. Loaded Objects now: 2052.
Total: 10.257400 ms (FindLiveObjects: 0.361300 ms CreateObjectMapping: 0.134800 ms MarkObjects: 9.503400 ms  DeleteObjects: 0.254100 ms)

========================================================================
Received Prepare
Registering precompiled user dll's ...
Registered in 0.003786 seconds.
Begin MonoManager ReloadAssembly
Native extension for LinuxStandalone target not found
Native extension for WindowsStandalone target not found
Native extension for WebGL target not found
Refreshing native plugins compatible for Editor in 0.43 ms, found 0 plugins.
Preloading 0 native plugins for Editor in 0.00 ms.
Invoked RoslynAnalysisRunner static constructor.
RoslynAnalysisRunner will not be running.
RoslynAnalysisRunner has terminated.
Mono: successfully reloaded assembly
- Completed reload, in  1.170 seconds
Platform modules already initialized, skipping
Refreshing native plugins compatible for Editor in 0.41 ms, found 0 plugins.
Preloading 0 native plugins for Editor in 0.00 ms.
Unloading 1578 Unused Serialized files (Serialized files now loaded: 0)
System memory in use before: 74.9 MB.
System memory in use after: 75.0 MB.

Unloading 13 unused Assets to reduce memory usage. Loaded Objects now: 2055.
Total: 2.519600 ms (FindLiveObjects: 0.267500 ms CreateObjectMapping: 0.082000 ms MarkObjects: 2.073700 ms  DeleteObjects: 0.094100 ms)

